{"name": "test_itm_instagram_connecting", "status": "failed", "statusDetails": {"message": "AssertionError: Locator expected to be visible\nActual value: <element(s) not found> \nCall log:\nLocatorAssertions.to_be_visible with timeout 5000ms\n  - waiting for get_by_role(\"link\", name=\"Profil\", exact=True)", "trace": "playwright = <playwright._impl._playwright.Playwright object at 0x000001830E18C890>\n\n    def test_itm_instagram_connecting(playwright: Playwright) -> None:\n        browser = playwright.chromium.launch(headless=False)\n        context = browser.new_context()\n        page = context.new_page()\n    \n        try:\n>           email = register_user(page)\n\ntests\\test_example4.py:73: \n_ _ _ _ _ _ _ _ _ _ _ _ _ _ _ _ _ _ _ _ _ _ _ _ _ _ _ _ _ _ _ _ _ _ _ _ _ _ _ _ _ _ _ _ _ _ _ _ _ _ _ _ _ _ _ _ _ _ _ _ _ _ _ _ _ _ _ _ _ _ _ _ _ _ _ _ _ _ _ _ _ _ _ _ _ _ _ _ _ _ _ _ _ _ _ _ _ _ _ _ _ _ _ _ _ _ _ _ _ _ _ _ \n\npage = <Page url='https://admin:111111@itm.ffflabel-dev.com/register'>\n\n    def register_user(page):\n        page.goto(\"https://admin:111111@itm.ffflabel-dev.com/login\")\n        page.get_by_role(\"link\", name=\"Zarejestruj się\").click()\n        page.get_by_label(\"Nazwa\").fill(\"test\")\n        random_digits = random.randint(10000, 99999)\n        email = f\"ffflabel.test.itm+{random_digits}@gmail.com\"\n        page.get_by_label(\"E-mail\").fill(email)\n        page.get_by_label(\"Hasło\", exact=True).fill(\"Pasola_123\")\n        page.get_by_label(\"Potwierdź hasło\").fill(\"Pasola_123\")\n        # page.get_by_text(\"Wyrażam zgodę na\").click()\n        page.get_by_text(\"Akceptuję regulamin.\").click()\n        page.get_by_role(\"button\", name=\"Zarejestruj się\", exact=True).click()\n>       expect(page.get_by_role(\"link\", name=\"Profil\", exact=True)).to_be_visible()\nE       AssertionError: Locator expected to be visible\nE       Actual value: <element(s) not found> \nE       Call log:\nE       LocatorAssertions.to_be_visible with timeout 5000ms\nE         - waiting for get_by_role(\"link\", name=\"Profil\", exact=True)\n\ntests\\test_example4.py:16: AssertionError"}, "start": 1730805417082, "stop": 1730805424029, "uuid": "0ddcb078-3668-4a36-af29-cf39dd50476b", "historyId": "3605fbeed82d12f976edd9393dd11dbb", "testCaseId": "3605fbeed82d12f976edd9393dd11dbb", "fullName": "tests.test_example4#test_itm_instagram_connecting", "labels": [{"name": "parentSuite", "value": "tests"}, {"name": "suite", "value": "test_example4"}, {"name": "host", "value": "Pasola"}, {"name": "thread", "value": "27392-MainThread"}, {"name": "framework", "value": "pytest"}, {"name": "language", "value": "cpython3"}, {"name": "package", "value": "tests.test_example4"}]}